<?xml version="1.0" encoding="UTF-8"?>
<!-- Generated by org.testng.reporters.JUnitReportReporter -->
<testsuite skipped="0" hostname="INFAR51631" name="projects.fox.tests.foxaitest" tests="4" failures="0" timestamp="2020-02-11T19:58:21 IST" time="75.157" errors="0">
  <testcase name="test_tour_cashweekly" time="15.369" classname="projects.fox.tests.foxaitest"/>
  <testcase name="test_tour_revenue" time="31.403" classname="projects.fox.tests.foxaitest"/>
  <testcase name="test_tour_inventory" time="13.514" classname="projects.fox.tests.foxaitest"/>
  <testcase name="test_target_audience_builder" time="14.871" classname="projects.fox.tests.foxaitest"/>
</testsuite> <!-- projects.fox.tests.foxaitest -->
