<?xml version="1.0" encoding="UTF-8"?>
<!-- Generated by org.testng.reporters.JUnitReportReporter -->
<testsuite skipped="0" hostname="INFAR51631" name="projects.fox.tests.foxaitest" tests="4" failures="0" timestamp="2020-02-06T18:51:33 IST" time="40.803" errors="0">
  <testcase name="test_tour_cashweekly" time="8.078" classname="projects.fox.tests.foxaitest"/>
  <testcase name="test_tour_revenue" time="17.552" classname="projects.fox.tests.foxaitest"/>
  <testcase name="test_tour_inventory" time="9.287" classname="projects.fox.tests.foxaitest"/>
  <testcase name="test_target_audience_builder" time="5.886" classname="projects.fox.tests.foxaitest"/>
</testsuite> <!-- projects.fox.tests.foxaitest -->
